<?xml version="1.0" encoding="UTF-8"?>
<testng-results ignored="0" total="1" passed="1" failed="0" skipped="0">
  <reporter-output>
  </reporter-output>
  <suite started-at="2023-08-10T17:28:47 GFT" name="Default suite" finished-at="2023-08-10T17:28:47 GFT" duration-ms="90">
    <groups>
    </groups>
    <test started-at="2023-08-10T17:28:47 GFT" name="Default test" finished-at="2023-08-10T17:28:47 GFT" duration-ms="90">
      <class name="Interview.b1">
        <test-method signature="withoutBDD()[pri:0, instance:Interview.b1@611889f4]" started-at="2023-08-10T17:28:47 GFT" name="withoutBDD" finished-at="2023-08-10T17:28:47 GFT" duration-ms="19" status="PASS">
          <reporter-output>
          </reporter-output>
        </test-method> <!-- withoutBDD -->
      </class> <!-- Interview.b1 -->
    </test> <!-- Default test -->
  </suite> <!-- Default suite -->
</testng-results>
